<?xml version="1.0" encoding="UTF-8"?>
<!-- Generated by org.testng.reporters.JUnitReportReporter -->
<testsuite hostname="MacBook-Air-Irina.local" failures="0" tests="4" name="stepDefinition.HomepageStepDefinition" time="0.685" errors="0" timestamp="2026-04-19T09:19:43 EEST" skipped="0">
  <testcase classname="stepDefinition.HomepageStepDefinition" name="openBrowser" time="0.557"/>
  <testcase classname="stepDefinition.HomepageStepDefinition" name="enterUsername" time="0.066"/>
  <testcase classname="stepDefinition.HomepageStepDefinition" name="enterPassword" time="0.023"/>
  <testcase classname="stepDefinition.HomepageStepDefinition" name="clickLogin" time="0.039"/>
</testsuite> <!-- stepDefinition.HomepageStepDefinition -->
